[debug] [2023-02-24T11:44:50.894Z] ----------------------------------------------------------------------
[debug] [2023-02-24T11:44:50.908Z] Command:       C:\Program Files\nodejs\node.exe C:\Program Files\nodejs\node_modules\firebase-tools\lib\bin\firebase.js init
[debug] [2023-02-24T11:44:50.910Z] CLI Version:   11.24.0
[debug] [2023-02-24T11:44:50.911Z] Platform:      win32
[debug] [2023-02-24T11:44:50.912Z] Node Version:  v19.6.0
[debug] [2023-02-24T11:44:50.913Z] Time:          Fri Feb 24 2023 16:44:50 GMT+0500 (West Kazakhstan Time)
[debug] [2023-02-24T11:44:50.914Z] ----------------------------------------------------------------------
[debug] 
[debug] [2023-02-24T11:44:50.953Z] > command requires scopes: ["email","openid","https://www.googleapis.com/auth/cloudplatformprojects.readonly","https://www.googleapis.com/auth/firebase","https://www.googleapis.com/auth/cloud-platform"]
[debug] [2023-02-24T11:44:50.956Z] > authorizing via signed-in user (johnoladele690@gmail.com)
[info] 
     ######## #### ########  ######## ########     ###     ######  ########
     ##        ##  ##     ## ##       ##     ##  ##   ##  ##       ##
     ######    ##  ########  ######   ########  #########  ######  ######
     ##        ##  ##    ##  ##       ##     ## ##     ##       ## ##
     ##       #### ##     ## ######## ########  ##     ##  ######  ########

You're about to initialize a Firebase project in this directory:

  C:\JsProjects\React-Project\imagex

Before we get started, keep in mind:

  * You are currently outside your home directory

[info] 
=== Project Setup
[info] 
[info] First, let's associate this project directory with a Firebase project.
[info] You can create multiple project aliases by running firebase use --add, 
[info] but for now we'll just set up a default project.
[info] 
[debug] [2023-02-24T11:47:03.462Z] ----------------------------------------------------------------------
[debug] [2023-02-24T11:47:03.471Z] Command:       C:\Program Files\nodejs\node.exe C:\Program Files\nodejs\node_modules\firebase-tools\lib\bin\firebase.js init
[debug] [2023-02-24T11:47:03.472Z] CLI Version:   11.24.0
[debug] [2023-02-24T11:47:03.473Z] Platform:      win32
[debug] [2023-02-24T11:47:03.473Z] Node Version:  v19.6.0
[debug] [2023-02-24T11:47:03.474Z] Time:          Fri Feb 24 2023 16:47:03 GMT+0500 (West Kazakhstan Time)
[debug] [2023-02-24T11:47:03.475Z] ----------------------------------------------------------------------
[debug] 
[debug] [2023-02-24T11:47:03.501Z] > command requires scopes: ["email","openid","https://www.googleapis.com/auth/cloudplatformprojects.readonly","https://www.googleapis.com/auth/firebase","https://www.googleapis.com/auth/cloud-platform"]
[debug] [2023-02-24T11:47:03.503Z] > authorizing via signed-in user (johnoladele690@gmail.com)
[info] 
     ######## #### ########  ######## ########     ###     ######  ########
     ##        ##  ##     ## ##       ##     ##  ##   ##  ##       ##
     ######    ##  ########  ######   ########  #########  ######  ######
     ##        ##  ##    ##  ##       ##     ## ##     ##       ## ##
     ##       #### ##     ## ######## ########  ##     ##  ######  ########

You're about to initialize a Firebase project in this directory:

  C:\JsProjects\React-Project\imagex

Before we get started, keep in mind:

  * You are currently outside your home directory

[info] 
=== Project Setup
[info] 
[info] First, let's associate this project directory with a Firebase project.
[info] You can create multiple project aliases by running firebase use --add, 
[info] but for now we'll just set up a default project.
[info] 
[debug] [2023-02-24T11:48:16.445Z] >>> [apiv2][query] GET https://firebase.googleapis.com/v1beta1/projects pageSize=100
[debug] [2023-02-24T11:48:17.694Z] <<< [apiv2][status] GET https://firebase.googleapis.com/v1beta1/projects 200
[debug] [2023-02-24T11:48:17.695Z] <<< [apiv2][body] GET https://firebase.googleapis.com/v1beta1/projects [omitted]
[info] i  Using project imagex-4a2a9 (imageX) 
[info] 
=== Database Setup
[info] i  database: ensuring required API firebasedatabase.googleapis.com is enabled... 
[debug] [2023-02-24T11:48:19.940Z] >>> [apiv2][query] GET https://serviceusage.googleapis.com/v1/projects/imagex-4a2a9/services/firebasedatabase.googleapis.com [none]
[debug] [2023-02-24T11:48:19.941Z] >>> [apiv2][(partial)header] GET https://serviceusage.googleapis.com/v1/projects/imagex-4a2a9/services/firebasedatabase.googleapis.com x-goog-quota-user=projects/imagex-4a2a9
[debug] [2023-02-24T11:48:21.447Z] <<< [apiv2][status] GET https://serviceusage.googleapis.com/v1/projects/imagex-4a2a9/services/firebasedatabase.googleapis.com 200
[debug] [2023-02-24T11:48:21.448Z] <<< [apiv2][body] GET https://serviceusage.googleapis.com/v1/projects/imagex-4a2a9/services/firebasedatabase.googleapis.com [omitted]
[info] +  database: required API firebasedatabase.googleapis.com is enabled 
[info] 
[debug] [2023-02-24T11:48:21.453Z] >>> [apiv2][query] GET https://firebasedatabase.googleapis.com/v1beta/projects/imagex-4a2a9/locations/-/instances/imagex-4a2a9-default-rtdb [none]
[debug] [2023-02-24T11:48:22.457Z] <<< [apiv2][status] GET https://firebasedatabase.googleapis.com/v1beta/projects/imagex-4a2a9/locations/-/instances/imagex-4a2a9-default-rtdb 200
[debug] [2023-02-24T11:48:22.458Z] <<< [apiv2][body] GET https://firebasedatabase.googleapis.com/v1beta/projects/imagex-4a2a9/locations/-/instances/imagex-4a2a9-default-rtdb {"name":"projects/781999506580/locations/europe-west1/instances/imagex-4a2a9-default-rtdb","project":"projects/781999506580","databaseUrl":"https://imagex-4a2a9-default-rtdb.europe-west1.firebasedatabase.app","type":"DEFAULT_DATABASE","state":"ACTIVE"}
[info] 
[info] Firebase Realtime Database Security Rules allow you to define how your data should be
[info] structured and when your data can be read from and written to.
[info] 
[debug] [2023-02-24T11:48:36.324Z] >>> [apiv2][query] GET https://imagex-4a2a9-default-rtdb.europe-west1.firebasedatabase.app/.settings/rules.json [none]
[debug] [2023-02-24T11:48:36.960Z] <<< [apiv2][status] GET https://imagex-4a2a9-default-rtdb.europe-west1.firebasedatabase.app/.settings/rules.json 200
[debug] [2023-02-24T11:48:36.961Z] <<< [apiv2][body] GET https://imagex-4a2a9-default-rtdb.europe-west1.firebasedatabase.app/.settings/rules.json [stream]
[info] +  Database Rules for imagex-4a2a9-default-rtdb have been written to database.rules.json. 
[info] Future modifications to database.rules.json will update Realtime Database Security Rules when you run
[info] firebase deploy.
[info] 
=== Functions Setup
[debug] [2023-02-24T11:48:36.985Z] > command requires scopes: ["email","openid","https://www.googleapis.com/auth/cloudplatformprojects.readonly","https://www.googleapis.com/auth/firebase","https://www.googleapis.com/auth/cloud-platform"]
[debug] [2023-02-24T11:48:36.986Z] > authorizing via signed-in user (johnoladele690@gmail.com)
[debug] [2023-02-24T11:48:36.986Z] [iam] checking project imagex-4a2a9 for permissions ["firebase.projects.get"]
[debug] [2023-02-24T11:48:36.990Z] >>> [apiv2][query] POST https://cloudresourcemanager.googleapis.com/v1/projects/imagex-4a2a9:testIamPermissions [none]
[debug] [2023-02-24T11:48:36.991Z] >>> [apiv2][(partial)header] POST https://cloudresourcemanager.googleapis.com/v1/projects/imagex-4a2a9:testIamPermissions x-goog-quota-user=projects/imagex-4a2a9
[debug] [2023-02-24T11:48:36.991Z] >>> [apiv2][body] POST https://cloudresourcemanager.googleapis.com/v1/projects/imagex-4a2a9:testIamPermissions {"permissions":["firebase.projects.get"]}
[debug] [2023-02-24T11:48:38.169Z] <<< [apiv2][status] POST https://cloudresourcemanager.googleapis.com/v1/projects/imagex-4a2a9:testIamPermissions 200
[debug] [2023-02-24T11:48:38.170Z] <<< [apiv2][body] POST https://cloudresourcemanager.googleapis.com/v1/projects/imagex-4a2a9:testIamPermissions {"permissions":["firebase.projects.get"]}
[debug] [2023-02-24T11:48:38.171Z] >>> [apiv2][query] GET https://serviceusage.googleapis.com/v1/projects/imagex-4a2a9/services/cloudfunctions.googleapis.com [none]
[debug] [2023-02-24T11:48:38.172Z] >>> [apiv2][(partial)header] GET https://serviceusage.googleapis.com/v1/projects/imagex-4a2a9/services/cloudfunctions.googleapis.com x-goog-quota-user=projects/imagex-4a2a9
[debug] [2023-02-24T11:48:38.180Z] >>> [apiv2][query] GET https://serviceusage.googleapis.com/v1/projects/imagex-4a2a9/services/runtimeconfig.googleapis.com [none]
[debug] [2023-02-24T11:48:38.181Z] >>> [apiv2][(partial)header] GET https://serviceusage.googleapis.com/v1/projects/imagex-4a2a9/services/runtimeconfig.googleapis.com x-goog-quota-user=projects/imagex-4a2a9
[debug] [2023-02-24T11:48:39.559Z] <<< [apiv2][status] GET https://serviceusage.googleapis.com/v1/projects/imagex-4a2a9/services/cloudfunctions.googleapis.com 200
[debug] [2023-02-24T11:48:39.560Z] <<< [apiv2][body] GET https://serviceusage.googleapis.com/v1/projects/imagex-4a2a9/services/cloudfunctions.googleapis.com [omitted]
[debug] [2023-02-24T11:48:39.561Z] >>> [apiv2][query] POST https://serviceusage.googleapis.com/v1/projects/imagex-4a2a9/services/cloudfunctions.googleapis.com:enable [none]
[debug] [2023-02-24T11:48:39.562Z] >>> [apiv2][(partial)header] POST https://serviceusage.googleapis.com/v1/projects/imagex-4a2a9/services/cloudfunctions.googleapis.com:enable x-goog-quota-user=projects/imagex-4a2a9
[debug] [2023-02-24T11:48:39.703Z] <<< [apiv2][status] GET https://serviceusage.googleapis.com/v1/projects/imagex-4a2a9/services/runtimeconfig.googleapis.com 200
[debug] [2023-02-24T11:48:39.704Z] <<< [apiv2][body] GET https://serviceusage.googleapis.com/v1/projects/imagex-4a2a9/services/runtimeconfig.googleapis.com [omitted]
[debug] [2023-02-24T11:48:41.103Z] <<< [apiv2][status] POST https://serviceusage.googleapis.com/v1/projects/imagex-4a2a9/services/cloudfunctions.googleapis.com:enable 200
[debug] [2023-02-24T11:48:41.104Z] <<< [apiv2][body] POST https://serviceusage.googleapis.com/v1/projects/imagex-4a2a9/services/cloudfunctions.googleapis.com:enable [omitted]
[debug] [2023-02-24T11:48:51.109Z] >>> [apiv2][query] GET https://serviceusage.googleapis.com/v1/projects/imagex-4a2a9/services/cloudfunctions.googleapis.com [none]
[debug] [2023-02-24T11:48:51.110Z] >>> [apiv2][(partial)header] GET https://serviceusage.googleapis.com/v1/projects/imagex-4a2a9/services/cloudfunctions.googleapis.com x-goog-quota-user=projects/imagex-4a2a9
[debug] [2023-02-24T11:48:52.346Z] <<< [apiv2][status] GET https://serviceusage.googleapis.com/v1/projects/imagex-4a2a9/services/cloudfunctions.googleapis.com 200
[debug] [2023-02-24T11:48:52.346Z] <<< [apiv2][body] GET https://serviceusage.googleapis.com/v1/projects/imagex-4a2a9/services/cloudfunctions.googleapis.com [omitted]
[info] Let's create a new codebase for your functions.
[info] A directory corresponding to the codebase will be created in your project
[info] with sample code pre-configured.

[info] See https://firebase.google.com/docs/functions/organize-functions for
[info] more information on organizing your functions using codebases.

[info] Functions can be deployed with firebase deploy.

[info] +  Wrote functions/package.json 
[info] +  Wrote functions/.eslintrc.js 
[info] +  Wrote functions/tsconfig.json 
[info] +  Wrote functions/tsconfig.dev.json 
[info] +  Wrote functions/src/index.ts 
[info] +  Wrote functions/.gitignore 
[info] 
[error] NPM install failed, continuing with Firebase initialization...
[info] 
=== Hosting Setup
[info] 
[info] Your public directory is the folder (relative to your project directory) that
[info] will contain Hosting assets to be uploaded with firebase deploy. If you
[info] have a build process for your assets, use your build's output directory.
[info] 
[debug] [2023-02-24T12:04:02.192Z] >>> [apiv2][query] GET https://www.gstatic.com/firebasejs/releases.json [none]
[debug] [2023-02-24T12:04:03.185Z] <<< [apiv2][status] GET https://www.gstatic.com/firebasejs/releases.json 200
[debug] [2023-02-24T12:04:03.186Z] <<< [apiv2][body] GET https://www.gstatic.com/firebasejs/releases.json {"current":{"version":"9.17.1","browserURL":"https://www.gstatic.com/firebasejs/9.17.1/firebase.js","packageURL":"https://www.gstatic.com/firebasejs/9.17.1/firebase.tgz"},"live":{"version":"9.17","browserURL":"https://www.gstatic.com/firebasejs/live/9.17/firebase.js","packageURL":"https://www.gstatic.com/firebasejs/live/9.17/firebase.tgz"},"components":{"analytics":"https://www.gstatic.com/firebasejs/9.17.1/firebase-analytics.js","app":"https://www.gstatic.com/firebasejs/9.17.1/firebase-app.js","app-check":"https://www.gstatic.com/firebasejs/9.17.1/firebase-app-check.js","auth":"https://www.gstatic.com/firebasejs/9.17.1/firebase-auth.js","auth/cordova":"https://www.gstatic.com/firebasejs/9.17.1/firebase-auth/cordova.js","auth/react-native":"https://www.gstatic.com/firebasejs/9.17.1/firebase-auth/react-native.js","functions":"https://www.gstatic.com/firebasejs/9.17.1/firebase-functions.js","firestore":"https://www.gstatic.com/firebasejs/9.17.1/firebase-firestore.js","firestore/lite":"https://www.gstatic.com/firebasejs/9.17.1/firebase-firestore/lite.js","installations":"https://www.gstatic.com/firebasejs/9.17.1/firebase-installations.js","storage":"https://www.gstatic.com/firebasejs/9.17.1/firebase-storage.js","performance":"https://www.gstatic.com/firebasejs/9.17.1/firebase-performance.js","remote-config":"https://www.gstatic.com/firebasejs/9.17.1/firebase-remote-config.js","messaging":"https://www.gstatic.com/firebasejs/9.17.1/firebase-messaging.js","messaging/sw":"https://www.gstatic.com/firebasejs/9.17.1/firebase-messaging/sw.js","database":"https://www.gstatic.com/firebasejs/9.17.1/firebase-database.js","firestore.memory":"https://www.gstatic.com/firebasejs/9.17.1/firebase-firestore.memory.js"}}
[info] +  Wrote build/index.html 
[info] 
[info] i  Detected a .git folder at C:\JsProjects\React-Project\imagex 
[info] i  Authorizing with GitHub to upload your service account to a GitHub repository's secrets store. 
[info] 
[info] Visit this URL on this device to log in:
[info] https://github.com/login/oauth/authorize?client_id=89cf50f02ac6aaed3484&state=590697017&redirect_uri=http%3A%2F%2Flocalhost%3A9005&scope=read%3Auser%20repo%20public_repo
[info] 
[info] Waiting for authentication...
[debug] [2023-02-24T12:04:33.090Z] >>> [apiv2][query] POST https://github.com/login/oauth/access_token [none]
[debug] [2023-02-24T12:04:33.091Z] >>> [apiv2][body] POST https://github.com/login/oauth/access_token [stream]
[debug] [2023-02-24T12:04:34.195Z] <<< [apiv2][status] POST https://github.com/login/oauth/access_token 200
[debug] [2023-02-24T12:04:34.195Z] <<< [apiv2][body] POST https://github.com/login/oauth/access_token {"access_token":"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","token_type":"bearer","scope":"read:user,repo"}
[debug] [2023-02-24T12:04:34.523Z] >>> [apiv2][query] GET https://api.github.com/user [none]
[debug] [2023-02-24T12:04:35.373Z] <<< [apiv2][status] GET https://api.github.com/user 200
[debug] [2023-02-24T12:04:35.374Z] <<< [apiv2][body] GET https://api.github.com/user {"login":"Jhon-crypt","id":70057786,"node_id":"MDQ6VXNlcjcwMDU3Nzg2","avatar_url":"https://avatars.githubusercontent.com/u/70057786?v=4","gravatar_id":"","url":"https://api.github.com/users/Jhon-crypt","html_url":"https://github.com/Jhon-crypt","followers_url":"https://api.github.com/users/Jhon-crypt/followers","following_url":"https://api.github.com/users/Jhon-crypt/following{/other_user}","gists_url":"https://api.github.com/users/Jhon-crypt/gists{/gist_id}","starred_url":"https://api.github.com/users/Jhon-crypt/starred{/owner}{/repo}","subscriptions_url":"https://api.github.com/users/Jhon-crypt/subscriptions","organizations_url":"https://api.github.com/users/Jhon-crypt/orgs","repos_url":"https://api.github.com/users/Jhon-crypt/repos","events_url":"https://api.github.com/users/Jhon-crypt/events{/privacy}","received_events_url":"https://api.github.com/users/Jhon-crypt/received_events","type":"User","site_admin":false,"name":"John Oladele","company":null,"blog":"https://oladele-john.herokuapp.com/","location":"cloud","email":null,"hireable":null,"bio":"I just love to Code","twitter_username":"oladele_john690","public_repos":28,"public_gists":0,"followers":4,"following":4,"created_at":"2020-08-22T10:11:10Z","updated_at":"2023-02-17T15:12:52Z","private_gists":0,"total_private_repos":1,"owned_private_repos":1,"disk_usage":36352,"collaborators":0,"two_factor_authentication":false,"plan":{"name":"pro","space":976562499,"collaborators":0,"private_repos":9999}}
[info] 
[info] +  Success! Logged into GitHub as Jhon-crypt 
[info] 
